Flow report for cpu
Mon Dec 12 15:16:49 2016
Quartus Prime Version 16.0.0 Build 211 04/27/2016 SJ Lite Edition


---------------------
; Table of Contents ;
---------------------
  1. Legal Notice
  2. Flow Summary
  3. Flow Settings
  4. Flow Non-Default Global Settings
  5. Flow Elapsed Time
  6. Flow OS Summary
  7. Flow Log
  8. Flow Messages
  9. Flow Suppressed Messages



----------------
; Legal Notice ;
----------------
Copyright (C) 1991-2016 Altera Corporation. All rights reserved.
Your use of Altera Corporation's design tools, logic functions 
and other software and tools, and its AMPP partner logic 
functions, and any output files from any of the foregoing 
(including device programming or simulation files), and any 
associated documentation or information are expressly subject 
to the terms and conditions of the Altera Program License 
Subscription Agreement, the Altera Quartus Prime License Agreement,
the Altera MegaCore Function License Agreement, or other 
applicable license agreement, including, without limitation, 
that your use is for the sole purpose of programming logic 
devices manufactured by Altera and sold by Altera or its 
authorized distributors.  Please refer to the applicable 
agreement for further details.



+---------------------------------------------------------------------------------+
; Flow Summary                                                                    ;
+-----------------------------------+---------------------------------------------+
; Flow Status                       ; Flow Failed - Mon Dec 12 15:16:49 2016      ;
; Quartus Prime Version             ; 16.0.0 Build 211 04/27/2016 SJ Lite Edition ;
; Revision Name                     ; cpu                                         ;
; Top-level Entity Name             ; cpu                                         ;
; Family                            ; Arria II GX                                 ;
; Logic utilization                 ; N/A until Partition Merge                   ;
;     Combinational ALUTs           ; N/A until Partition Merge                   ;
;     Memory ALUTs                  ; N/A until Partition Merge                   ;
;     Dedicated logic registers     ; N/A until Partition Merge                   ;
; Total registers                   ; N/A until Partition Merge                   ;
; Total pins                        ; N/A until Partition Merge                   ;
; Total virtual pins                ; N/A until Partition Merge                   ;
; Total block memory bits           ; N/A until Partition Merge                   ;
; DSP block 18-bit elements         ; N/A until Partition Merge                   ;
; Total GXB Receiver Channel PCS    ; N/A until Partition Merge                   ;
; Total GXB Receiver Channel PMA    ; N/A until Partition Merge                   ;
; Total GXB Transmitter Channel PCS ; N/A until Partition Merge                   ;
; Total GXB Transmitter Channel PMA ; N/A until Partition Merge                   ;
; Total PLLs                        ; N/A until Partition Merge                   ;
; Total DLLs                        ; N/A until Partition Merge                   ;
+-----------------------------------+---------------------------------------------+


+-----------------------------------------+
; Flow Settings                           ;
+-------------------+---------------------+
; Option            ; Setting             ;
+-------------------+---------------------+
; Start date & time ; 12/12/2016 15:16:37 ;
; Main task         ; Compilation         ;
; Revision Name     ; cpu                 ;
+-------------------+---------------------+


+----------------------------------------------------------------------------------------------------------------+
; Flow Non-Default Global Settings                                                                               ;
+-------------------------------------+---------------------------+---------------+-------------+----------------+
; Assignment Name                     ; Value                     ; Default Value ; Entity Name ; Section Id     ;
+-------------------------------------+---------------------------+---------------+-------------+----------------+
; COMPILER_SIGNATURE_ID               ; 0.148155219714714         ; --            ; --          ; --             ;
; EDA_OUTPUT_DATA_FORMAT              ; Verilog Hdl               ; --            ; --          ; eda_simulation ;
; EDA_SIMULATION_TOOL                 ; ModelSim-Altera (Verilog) ; <None>        ; --          ; --             ;
; EDA_TIME_SCALE                      ; 1 ps                      ; --            ; --          ; eda_simulation ;
; PARTITION_COLOR                     ; 16764057                  ; --            ; --          ; Top            ;
; PARTITION_FITTER_PRESERVATION_LEVEL ; PLACEMENT_AND_ROUTING     ; --            ; --          ; Top            ;
; PARTITION_NETLIST_TYPE              ; SOURCE                    ; --            ; --          ; Top            ;
; PROJECT_OUTPUT_DIRECTORY            ; output_files              ; --            ; --          ; --             ;
+-------------------------------------+---------------------------+---------------+-------------+----------------+


+--------------------------------------------------------------------------------------------------------------------------+
; Flow Elapsed Time                                                                                                        ;
+----------------------+--------------+-------------------------+---------------------+------------------------------------+
; Module Name          ; Elapsed Time ; Average Processors Used ; Peak Virtual Memory ; Total CPU Time (on all processors) ;
+----------------------+--------------+-------------------------+---------------------+------------------------------------+
; Analysis & Synthesis ; 00:00:12     ; 1.0                     ; 1213 MB             ; 00:00:29                           ;
; Total                ; 00:00:12     ; --                      ; --                  ; 00:00:29                           ;
+----------------------+--------------+-------------------------+---------------------+------------------------------------+


+------------------------------------------------------------------------------------+
; Flow OS Summary                                                                    ;
+----------------------+------------------+------------+------------+----------------+
; Module Name          ; Machine Hostname ; OS Name    ; OS Version ; Processor type ;
+----------------------+------------------+------------+------------+----------------+
; Analysis & Synthesis ; linux-obz9.site  ; SUSE LINUX ; 13         ; x86_64         ;
+----------------------+------------------+------------+------------+----------------+


------------
; Flow Log ;
------------
quartus_map --read_settings_files=on --write_settings_files=off PA_processor -c cpu



