Analysis & Synthesis report for cpu
Mon Dec 12 15:16:49 2016
Quartus Prime Version 16.0.0 Build 211 04/27/2016 SJ Lite Edition


---------------------
; Table of Contents ;
---------------------
  1. Legal Notice
  2. Analysis & Synthesis Summary
  3. Analysis & Synthesis Settings
  4. Parallel Compilation
  5. Analysis & Synthesis Messages



----------------
; Legal Notice ;
----------------
Copyright (C) 1991-2016 Altera Corporation. All rights reserved.
Your use of Altera Corporation's design tools, logic functions 
and other software and tools, and its AMPP partner logic 
functions, and any output files from any of the foregoing 
(including device programming or simulation files), and any 
associated documentation or information are expressly subject 
to the terms and conditions of the Altera Program License 
Subscription Agreement, the Altera Quartus Prime License Agreement,
the Altera MegaCore Function License Agreement, or other 
applicable license agreement, including, without limitation, 
that your use is for the sole purpose of programming logic 
devices manufactured by Altera and sold by Altera or its 
authorized distributors.  Please refer to the applicable 
agreement for further details.



+---------------------------------------------------------------------------------+
; Analysis & Synthesis Summary                                                    ;
+-----------------------------------+---------------------------------------------+
; Analysis & Synthesis Status       ; Failed - Mon Dec 12 15:16:49 2016           ;
; Quartus Prime Version             ; 16.0.0 Build 211 04/27/2016 SJ Lite Edition ;
; Revision Name                     ; cpu                                         ;
; Top-level Entity Name             ; cpu                                         ;
; Family                            ; Arria II GX                                 ;
; Logic utilization                 ; N/A until Partition Merge                   ;
;     Combinational ALUTs           ; N/A until Partition Merge                   ;
;     Memory ALUTs                  ; N/A until Partition Merge                   ;
;     Dedicated logic registers     ; N/A until Partition Merge                   ;
; Total registers                   ; N/A until Partition Merge                   ;
; Total pins                        ; N/A until Partition Merge                   ;
; Total virtual pins                ; N/A until Partition Merge                   ;
; Total block memory bits           ; N/A until Partition Merge                   ;
; DSP block 18-bit elements         ; N/A until Partition Merge                   ;
; Total GXB Receiver Channel PCS    ; N/A until Partition Merge                   ;
; Total GXB Receiver Channel PMA    ; N/A until Partition Merge                   ;
; Total GXB Transmitter Channel PCS ; N/A until Partition Merge                   ;
; Total GXB Transmitter Channel PMA ; N/A until Partition Merge                   ;
; Total PLLs                        ; N/A until Partition Merge                   ;
; Total DLLs                        ; N/A until Partition Merge                   ;
+-----------------------------------+---------------------------------------------+


+---------------------------------------------------------------------------------------------------------------------------+
; Analysis & Synthesis Settings                                                                                             ;
+---------------------------------------------------------------------------------+--------------------+--------------------+
; Option                                                                          ; Setting            ; Default Value      ;
+---------------------------------------------------------------------------------+--------------------+--------------------+
; Top-level entity name                                                           ; cpu                ; cpu                ;
; Family name                                                                     ; Arria II GX        ; Cyclone V          ;
; Use smart compilation                                                           ; Off                ; Off                ;
; Enable parallel Assembler and TimeQuest Timing Analyzer during compilation      ; On                 ; On                 ;
; Enable compact report table                                                     ; Off                ; Off                ;
; Restructure Multiplexers                                                        ; Auto               ; Auto               ;
; MLAB Add Timing Constraints For Mixed-Port Feed-Through Mode Setting Don't Care ; Off                ; Off                ;
; Create Debugging Nodes for IP Cores                                             ; Off                ; Off                ;
; Preserve fewer node names                                                       ; On                 ; On                 ;
; Disable OpenCore Plus hardware evaluation                                       ; Off                ; Off                ;
; Verilog Version                                                                 ; Verilog_2001       ; Verilog_2001       ;
; VHDL Version                                                                    ; VHDL_1993          ; VHDL_1993          ;
; State Machine Processing                                                        ; Auto               ; Auto               ;
; Safe State Machine                                                              ; Off                ; Off                ;
; Extract Verilog State Machines                                                  ; On                 ; On                 ;
; Extract VHDL State Machines                                                     ; On                 ; On                 ;
; Ignore Verilog initial constructs                                               ; Off                ; Off                ;
; Iteration limit for constant Verilog loops                                      ; 5000               ; 5000               ;
; Iteration limit for non-constant Verilog loops                                  ; 250                ; 250                ;
; Add Pass-Through Logic to Inferred RAMs                                         ; On                 ; On                 ;
; Infer RAMs from Raw Logic                                                       ; On                 ; On                 ;
; Parallel Synthesis                                                              ; On                 ; On                 ;
; DSP Block Balancing                                                             ; Auto               ; Auto               ;
; NOT Gate Push-Back                                                              ; On                 ; On                 ;
; Power-Up Don't Care                                                             ; On                 ; On                 ;
; Remove Redundant Logic Cells                                                    ; Off                ; Off                ;
; Remove Duplicate Registers                                                      ; On                 ; On                 ;
; Ignore CARRY Buffers                                                            ; Off                ; Off                ;
; Ignore CASCADE Buffers                                                          ; Off                ; Off                ;
; Ignore GLOBAL Buffers                                                           ; Off                ; Off                ;
; Ignore ROW GLOBAL Buffers                                                       ; Off                ; Off                ;
; Ignore LCELL Buffers                                                            ; Off                ; Off                ;
; Ignore SOFT Buffers                                                             ; On                 ; On                 ;
; Limit AHDL Integers to 32 Bits                                                  ; Off                ; Off                ;
; Optimization Technique                                                          ; Balanced           ; Balanced           ;
; Carry Chain Length                                                              ; 70                 ; 70                 ;
; Auto Carry Chains                                                               ; On                 ; On                 ;
; Auto Open-Drain Pins                                                            ; On                 ; On                 ;
; Perform WYSIWYG Primitive Resynthesis                                           ; Off                ; Off                ;
; Auto ROM Replacement                                                            ; On                 ; On                 ;
; Auto RAM Replacement                                                            ; On                 ; On                 ;
; Auto DSP Block Replacement                                                      ; On                 ; On                 ;
; Auto Shift Register Replacement                                                 ; Auto               ; Auto               ;
; Allow Shift Register Merging across Hierarchies                                 ; Auto               ; Auto               ;
; Auto Clock Enable Replacement                                                   ; On                 ; On                 ;
; Strict RAM Replacement                                                          ; Off                ; Off                ;
; Allow Synchronous Control Signals                                               ; On                 ; On                 ;
; Force Use of Synchronous Clear Signals                                          ; Off                ; Off                ;
; Auto RAM Block Balancing                                                        ; On                 ; On                 ;
; Auto RAM to Logic Cell Conversion                                               ; Off                ; Off                ;
; Auto Resource Sharing                                                           ; Off                ; Off                ;
; Allow Any RAM Size For Recognition                                              ; Off                ; Off                ;
; Allow Any ROM Size For Recognition                                              ; Off                ; Off                ;
; Allow Any Shift Register Size For Recognition                                   ; Off                ; Off                ;
; Use LogicLock Constraints during Resource Balancing                             ; On                 ; On                 ;
; Ignore translate_off and synthesis_off directives                               ; Off                ; Off                ;
; Timing-Driven Synthesis                                                         ; On                 ; On                 ;
; Report Parameter Settings                                                       ; On                 ; On                 ;
; Report Source Assignments                                                       ; On                 ; On                 ;
; Report Connectivity Checks                                                      ; On                 ; On                 ;
; Ignore Maximum Fan-Out Assignments                                              ; Off                ; Off                ;
; Synchronization Register Chain Length                                           ; 3                  ; 3                  ;
; PowerPlay Power Optimization During Synthesis                                   ; Normal compilation ; Normal compilation ;
; HDL message level                                                               ; Level2             ; Level2             ;
; Suppress Register Optimization Related Messages                                 ; Off                ; Off                ;
; Number of Removed Registers Reported in Synthesis Report                        ; 5000               ; 5000               ;
; Number of Swept Nodes Reported in Synthesis Report                              ; 5000               ; 5000               ;
; Number of Inverted Registers Reported in Synthesis Report                       ; 100                ; 100                ;
; Clock MUX Protection                                                            ; On                 ; On                 ;
; Auto Gated Clock Conversion                                                     ; Off                ; Off                ;
; Block Design Naming                                                             ; Auto               ; Auto               ;
; SDC constraint protection                                                       ; Off                ; Off                ;
; Synthesis Effort                                                                ; Auto               ; Auto               ;
; Shift Register Replacement - Allow Asynchronous Clear Signal                    ; On                 ; On                 ;
; Pre-Mapping Resynthesis Optimization                                            ; Off                ; Off                ;
; Analysis & Synthesis Message Level                                              ; Medium             ; Medium             ;
; Disable Register Merging Across Hierarchies                                     ; Auto               ; Auto               ;
; Resource Aware Inference For Block RAM                                          ; On                 ; On                 ;
; Synthesis Seed                                                                  ; 1                  ; 1                  ;
+---------------------------------------------------------------------------------+--------------------+--------------------+


Parallel compilation was disabled, but you have multiple processors available. Enable parallel compilation to reduce compilation time.
+-------------------------------------+
; Parallel Compilation                ;
+----------------------------+--------+
; Processors                 ; Number ;
+----------------------------+--------+
; Number detected on machine ; 4      ;
; Maximum allowed            ; 1      ;
+----------------------------+--------+


+-------------------------------+
; Analysis & Synthesis Messages ;
+-------------------------------+
Info: *******************************************************************
Info: Running Quartus Prime Analysis & Synthesis
    Info: Version 16.0.0 Build 211 04/27/2016 SJ Lite Edition
    Info: Processing started: Mon Dec 12 15:16:37 2016
Info: Command: quartus_map --read_settings_files=on --write_settings_files=off PA_processor -c cpu
Warning (20028): Parallel compilation is not licensed and has been disabled
Info (12021): Found 2 design units, including 2 entities, in source file stages/exec/exec1.v
    Info (12023): Found entity 1: alu File: /home/salcaide/Dropbox/MIRI/PA/Project/pa_processor/stages/exec/alu.v Line: 7
    Info (12023): Found entity 2: exec1 File: /home/salcaide/Dropbox/MIRI/PA/Project/pa_processor/stages/exec/exec1.v Line: 7
Info (12021): Found 1 design units, including 1 entities, in source file stages/exec/M5.v
    Info (12023): Found entity 1: M5 File: /home/salcaide/Dropbox/MIRI/PA/Project/pa_processor/stages/exec/M5.v Line: 6
Info (12021): Found 1 design units, including 1 entities, in source file stages/exec/M4.v
    Info (12023): Found entity 1: M4 File: /home/salcaide/Dropbox/MIRI/PA/Project/pa_processor/stages/exec/M4.v Line: 6
Info (12021): Found 1 design units, including 1 entities, in source file stages/exec/M3.v
    Info (12023): Found entity 1: M3 File: /home/salcaide/Dropbox/MIRI/PA/Project/pa_processor/stages/exec/M3.v Line: 6
Info (12021): Found 1 design units, including 1 entities, in source file stages/exec/M2.v
    Info (12023): Found entity 1: M2 File: /home/salcaide/Dropbox/MIRI/PA/Project/pa_processor/stages/exec/M2.v Line: 6
Info (12021): Found 1 design units, including 1 entities, in source file stages/exec/M1.v
    Info (12023): Found entity 1: M1 File: /home/salcaide/Dropbox/MIRI/PA/Project/pa_processor/stages/exec/M1.v Line: 7
Info (12021): Found 1 design units, including 1 entities, in source file cache/cache.v
    Info (12023): Found entity 1: cache File: /home/salcaide/Dropbox/MIRI/PA/Project/pa_processor/cache/cache.v Line: 13
Info (12021): Found 1 design units, including 1 entities, in source file stages/exec/alucontrol.v
    Info (12023): Found entity 1: alucontrol File: /home/salcaide/Dropbox/MIRI/PA/Project/pa_processor/stages/exec/alucontrol.v Line: 6
Info (12021): Found 0 design units, including 0 entities, in source file stages/exec/alu.v
Info (12021): Found 0 design units, including 0 entities, in source file stages/stages_bound/mem_wb.v
Info (12021): Found 1 design units, including 1 entities, in source file stages/stages_bound/if_id.v
    Info (12023): Found entity 1: if_id File: /home/salcaide/Dropbox/MIRI/PA/Project/pa_processor/stages/stages_bound/if_id.v Line: 3
Info (12021): Found 0 design units, including 0 entities, in source file stages/stages_bound/id_ex.v
Info (12021): Found 0 design units, including 0 entities, in source file stages/stages_bound/ex_mem.v
Info (12021): Found 1 design units, including 1 entities, in source file stages/fetch/pc.v
    Info (12023): Found entity 1: pc File: /home/salcaide/Dropbox/MIRI/PA/Project/pa_processor/stages/fetch/pc.v Line: 6
Info (12021): Found 1 design units, including 1 entities, in source file stages/decode/decode_top.v
    Info (12023): Found entity 1: decode_top File: /home/salcaide/Dropbox/MIRI/PA/Project/pa_processor/stages/decode/decode_top.v Line: 6
Info (12021): Found 0 design units, including 0 entities, in source file define.v
Info (12021): Found 1 design units, including 1 entities, in source file cpu.v
    Info (12023): Found entity 1: cpu File: /home/salcaide/Dropbox/MIRI/PA/Project/pa_processor/cpu.v Line: 18
Info (12021): Found 1 design units, including 1 entities, in source file stages/fetch/fetch.v
    Info (12023): Found entity 1: fetch File: /home/salcaide/Dropbox/MIRI/PA/Project/pa_processor/stages/fetch/fetch.v Line: 7
Warning (10236): Verilog HDL Implicit Net warning at M3.v(18): created implicit net for "m1result" File: /home/salcaide/Dropbox/MIRI/PA/Project/pa_processor/stages/exec/M3.v Line: 18
Warning (10236): Verilog HDL Implicit Net warning at pc.v(22): created implicit net for "pc" File: /home/salcaide/Dropbox/MIRI/PA/Project/pa_processor/stages/fetch/pc.v Line: 22
Warning (10236): Verilog HDL Implicit Net warning at cpu.v(60): created implicit net for "alusrc" File: /home/salcaide/Dropbox/MIRI/PA/Project/pa_processor/cpu.v Line: 60
Warning (10236): Verilog HDL Implicit Net warning at cpu.v(61): created implicit net for "aluop" File: /home/salcaide/Dropbox/MIRI/PA/Project/pa_processor/cpu.v Line: 61
Warning (10236): Verilog HDL Implicit Net warning at cpu.v(62): created implicit net for "src1" File: /home/salcaide/Dropbox/MIRI/PA/Project/pa_processor/cpu.v Line: 62
Warning (10236): Verilog HDL Implicit Net warning at cpu.v(63): created implicit net for "reg2" File: /home/salcaide/Dropbox/MIRI/PA/Project/pa_processor/cpu.v Line: 63
Warning (10236): Verilog HDL Implicit Net warning at cpu.v(64): created implicit net for "immediat" File: /home/salcaide/Dropbox/MIRI/PA/Project/pa_processor/cpu.v Line: 64
Warning (10236): Verilog HDL Implicit Net warning at cpu.v(65): created implicit net for "old_pc" File: /home/salcaide/Dropbox/MIRI/PA/Project/pa_processor/cpu.v Line: 65
Warning (10236): Verilog HDL Implicit Net warning at cpu.v(66): created implicit net for "aluresult" File: /home/salcaide/Dropbox/MIRI/PA/Project/pa_processor/cpu.v Line: 66
Warning (10236): Verilog HDL Implicit Net warning at cpu.v(67): created implicit net for "zero" File: /home/salcaide/Dropbox/MIRI/PA/Project/pa_processor/cpu.v Line: 67
Warning (10236): Verilog HDL Implicit Net warning at cpu.v(68): created implicit net for "oveflow" File: /home/salcaide/Dropbox/MIRI/PA/Project/pa_processor/cpu.v Line: 68
Warning (10236): Verilog HDL Implicit Net warning at cpu.v(69): created implicit net for "new_pc" File: /home/salcaide/Dropbox/MIRI/PA/Project/pa_processor/cpu.v Line: 69
Warning (10236): Verilog HDL Implicit Net warning at cpu.v(70): created implicit net for "dst" File: /home/salcaide/Dropbox/MIRI/PA/Project/pa_processor/cpu.v Line: 70
Warning (10236): Verilog HDL Implicit Net warning at cpu.v(81): created implicit net for "src2" File: /home/salcaide/Dropbox/MIRI/PA/Project/pa_processor/cpu.v Line: 81
Warning (10236): Verilog HDL Implicit Net warning at fetch.v(52): created implicit net for "instc_hit" File: /home/salcaide/Dropbox/MIRI/PA/Project/pa_processor/stages/fetch/fetch.v Line: 52
Error (10048): Verilog HDL error at exec1.v(23): values cannot be assigned directly to all or part of array "src2" - assignments must be made to individual elements only File: /home/salcaide/Dropbox/MIRI/PA/Project/pa_processor/stages/exec/exec1.v Line: 23
Error (10219): Verilog HDL Continuous Assignment error at exec1.v(24): object "new_pc" on left-hand side of assignment must have a net type File: /home/salcaide/Dropbox/MIRI/PA/Project/pa_processor/stages/exec/exec1.v Line: 24
Error (10044): Verilog HDL error at exec1.v(29): expression cannot reference entire array "src2" File: /home/salcaide/Dropbox/MIRI/PA/Project/pa_processor/stages/exec/exec1.v Line: 29
Error: Quartus Prime Analysis & Synthesis was unsuccessful. 3 errors, 16 warnings
    Error: Peak virtual memory: 1213 megabytes
    Error: Processing ended: Mon Dec 12 15:16:49 2016
    Error: Elapsed time: 00:00:12
    Error: Total CPU time (on all processors): 00:00:30


